#-----------------------------------------------------------
# Vivado v2019.2 (64-bit)
# SW Build 2708876 on Wed Nov  6 21:40:23 MST 2019
# IP Build 2700528 on Thu Nov  7 00:09:20 MST 2019
# Start of session at: Sat Apr 22 15:33:28 2023
# Process ID: 3084
# Current directory: F:/NSCSCC/PUA-MIPS/vivado/CPU_CDE_SRAM/mycpu_sram_verify/run_vivado/mycpu_prj1
# Command line: vivado.exe -gui_launcher_event rodinguilauncherevent25704 F:\NSCSCC\PUA-MIPS\vivado\CPU_CDE_SRAM\mycpu_sram_verify\run_vivado\mycpu_prj1\mycpu.xpr
# Log file: F:/NSCSCC/PUA-MIPS/vivado/CPU_CDE_SRAM/mycpu_sram_verify/run_vivado/mycpu_prj1/vivado.log
# Journal file: F:/NSCSCC/PUA-MIPS/vivado/CPU_CDE_SRAM/mycpu_sram_verify/run_vivado/mycpu_prj1\vivado.jou
#-----------------------------------------------------------
start_gui
open_project F:/NSCSCC/PUA-MIPS/vivado/CPU_CDE_SRAM/mycpu_sram_verify/run_vivado/mycpu_prj1/mycpu.xpr
Scanning sources...
Finished scanning sources
INFO: [IP_Flow 19-234] Refreshing IP repositories
INFO: [IP_Flow 19-1704] No user IP repositories specified
INFO: [IP_Flow 19-2313] Loaded Vivado IP repository 'F:/vivado/Vivado/2019.2/data/ip'.
update_compile_order -fileset sources_1
launch_simulation
Command: launch_simulation 
INFO: [Vivado 12-5698] Checking validity of IPs in the design for the 'XSim' simulator...
INFO: [Vivado 12-5682] Launching behavioral simulation in 'F:/NSCSCC/PUA-MIPS/vivado/CPU_CDE_SRAM/mycpu_sram_verify/run_vivado/mycpu_prj1/mycpu.sim/sim_1/behav/xsim'
INFO: [SIM-utils-51] Simulation object is 'sim_1'
INFO: [SIM-utils-54] Inspecting design source files for 'tb_top' in fileset 'sim_1'...
INFO: [SIM-utils-43] Exported 'F:/NSCSCC/PUA-MIPS/vivado/CPU_CDE_SRAM/mycpu_sram_verify/run_vivado/mycpu_prj1/mycpu.sim/sim_1/behav/xsim/inst_ram.mif'
INFO: [SIM-utils-43] Exported 'F:/NSCSCC/PUA-MIPS/vivado/CPU_CDE_SRAM/mycpu_sram_verify/run_vivado/mycpu_prj1/mycpu.sim/sim_1/behav/xsim/inst_ram.coe'
INFO: [USF-XSim-97] Finding global include files...
INFO: [USF-XSim-98] Fetching design files from 'sim_1'...
INFO: [USF-XSim-2] XSim::Compile design
INFO: [USF-XSim-61] Executing 'COMPILE and ANALYZE' step in 'F:/NSCSCC/PUA-MIPS/vivado/CPU_CDE_SRAM/mycpu_sram_verify/run_vivado/mycpu_prj1/mycpu.sim/sim_1/behav/xsim'
"xvlog --incr --relax -prj tb_top_vlog.prj"
"xvhdl --incr --relax -prj tb_top_vhdl.prj"
INFO: [USF-XSim-69] 'compile' step finished in '2' seconds
INFO: [USF-XSim-3] XSim::Elaborate design
INFO: [USF-XSim-61] Executing 'ELABORATE' step in 'F:/NSCSCC/PUA-MIPS/vivado/CPU_CDE_SRAM/mycpu_sram_verify/run_vivado/mycpu_prj1/mycpu.sim/sim_1/behav/xsim'
"xelab -wto 8de8692e6f7648c084645fde77f29b66 --incr --debug typical --relax --mt 2 -L xpm -L xil_defaultlib -L blk_mem_gen_v8_4_4 -L unisims_ver -L unimacro_ver -L secureip --snapshot tb_top_behav xil_defaultlib.tb_top xil_defaultlib.glbl -log elaborate.log"
Vivado Simulator 2019.2
Copyright 1986-1999, 2001-2019 Xilinx, Inc. All Rights Reserved.
Running: F:/vivado/Vivado/2019.2/bin/unwrapped/win64.o/xelab.exe -wto 8de8692e6f7648c084645fde77f29b66 --incr --debug typical --relax --mt 2 -L xpm -L xil_defaultlib -L blk_mem_gen_v8_4_4 -L unisims_ver -L unimacro_ver -L secureip --snapshot tb_top_behav xil_defaultlib.tb_top xil_defaultlib.glbl -log elaborate.log 
Using 2 slave threads.
Starting static elaboration
Pass Through NonSizing Optimizer
WARNING: [VRFC 10-5021] port 'ext_int' is not connected on this instance [F:/NSCSCC/PUA-MIPS/vivado/CPU_CDE_SRAM/mycpu_sram_verify/rtl/soc_sram_lite_top.v:156]
Completed static elaboration
INFO: [XSIM 43-4323] No Change in HDL. Linking previously generated obj files to create kernel
INFO: [USF-XSim-69] 'elaborate' step finished in '1' seconds
INFO: [USF-XSim-4] XSim::Simulate design
INFO: [USF-XSim-61] Executing 'SIMULATE' step in 'F:/NSCSCC/PUA-MIPS/vivado/CPU_CDE_SRAM/mycpu_sram_verify/run_vivado/mycpu_prj1/mycpu.sim/sim_1/behav/xsim'
INFO: [USF-XSim-98] *** Running xsim
   with args "tb_top_behav -key {Behavioral:sim_1:Functional:tb_top} -tclbatch {tb_top.tcl} -log {simulate.log}"
INFO: [USF-XSim-8] Loading simulator feature
Vivado Simulator 2019.2
Time resolution is 1 ps
source tb_top.tcl
# set curr_wave [current_wave_config]
# if { [string length $curr_wave] == 0 } {
#   if { [llength [get_objects]] > 0} {
#     add_wave /
#     set_property needs_save false [current_wave_config]
#   } else {
#      send_msg_id Add_Wave-1 WARNING "No top level signals found. Simulator will start without a wave window. If you want to open a wave window go to 'File->New Waveform Configuration' or type 'create_wave_config' in the TCL console."
#   }
# }
# log_wave -r /
WARNING: [Simtcl 6-197] One or more HDL objects could not be logged because of object type or size limitations.  To see details please rerun the command with -verbose (-v).
# run 1000ns
 Block Memory Generator module loading initial data...
 Block Memory Generator data initialization complete.
Block Memory Generator module tb_top.soc_lite.inst_ram.inst.native_mem_module.blk_mem_gen_v8_4_4_inst is using a behavioral model for simulation which will not precisely model memory collision behavior.
Block Memory Generator module tb_top.soc_lite.data_ram.inst.native_mem_module.blk_mem_gen_v8_4_4_inst is using a behavioral model for simulation which will not precisely model memory collision behavior.
INFO: [USF-XSim-96] XSim completed. Design snapshot 'tb_top_behav' loaded.
INFO: [USF-XSim-97] XSim simulation ran for 1000ns
launch_simulation: Time (s): cpu = 00:00:10 ; elapsed = 00:00:09 . Memory (MB): peak = 987.930 ; gain = 107.348
create_wave_config; add_wave /; set_property needs_save false [current_wave_config]
run 10 us
==============================================================
Test begin!
run 10 us
run 10 us
        [  22000 ns] Test is running, debug_wb_pc = 0x00000000
run 1 ms
        [  32000 ns] Test is running, debug_wb_pc = 0x00000000
        [  42000 ns] Test is running, debug_wb_pc = 0x00000000
        [  52000 ns] Test is running, debug_wb_pc = 0x00000000
        [  62000 ns] Test is running, debug_wb_pc = 0x00000000
        [  72000 ns] Test is running, debug_wb_pc = 0x00000000
        [  82000 ns] Test is running, debug_wb_pc = 0x00000000
        [  92000 ns] Test is running, debug_wb_pc = 0x00000000
        [ 102000 ns] Test is running, debug_wb_pc = 0x00000000
        [ 112000 ns] Test is running, debug_wb_pc = 0x00000000
        [ 122000 ns] Test is running, debug_wb_pc = 0x00000000
        [ 132000 ns] Test is running, debug_wb_pc = 0x00000000
        [ 142000 ns] Test is running, debug_wb_pc = 0x00000000
        [ 152000 ns] Test is running, debug_wb_pc = 0x00000000
        [ 162000 ns] Test is running, debug_wb_pc = 0x00000000
        [ 172000 ns] Test is running, debug_wb_pc = 0x00000000
        [ 182000 ns] Test is running, debug_wb_pc = 0x00000000
        [ 192000 ns] Test is running, debug_wb_pc = 0x00000000
        [ 202000 ns] Test is running, debug_wb_pc = 0x00000000
        [ 212000 ns] Test is running, debug_wb_pc = 0x00000000
        [ 222000 ns] Test is running, debug_wb_pc = 0x00000000
        [ 232000 ns] Test is running, debug_wb_pc = 0x00000000
        [ 242000 ns] Test is running, debug_wb_pc = 0x00000000
        [ 252000 ns] Test is running, debug_wb_pc = 0x00000000
        [ 262000 ns] Test is running, debug_wb_pc = 0x00000000
        [ 272000 ns] Test is running, debug_wb_pc = 0x00000000
        [ 282000 ns] Test is running, debug_wb_pc = 0x00000000
        [ 292000 ns] Test is running, debug_wb_pc = 0x00000000
        [ 302000 ns] Test is running, debug_wb_pc = 0x00000000
        [ 312000 ns] Test is running, debug_wb_pc = 0x00000000
        [ 322000 ns] Test is running, debug_wb_pc = 0x00000000
        [ 332000 ns] Test is running, debug_wb_pc = 0x00000000
        [ 342000 ns] Test is running, debug_wb_pc = 0x00000000
        [ 352000 ns] Test is running, debug_wb_pc = 0x00000000
        [ 362000 ns] Test is running, debug_wb_pc = 0x00000000
        [ 372000 ns] Test is running, debug_wb_pc = 0x00000000
        [ 382000 ns] Test is running, debug_wb_pc = 0x00000000
        [ 392000 ns] Test is running, debug_wb_pc = 0x00000000
        [ 402000 ns] Test is running, debug_wb_pc = 0x00000000
        [ 412000 ns] Test is running, debug_wb_pc = 0x00000000
        [ 422000 ns] Test is running, debug_wb_pc = 0x00000000
        [ 432000 ns] Test is running, debug_wb_pc = 0x00000000
        [ 442000 ns] Test is running, debug_wb_pc = 0x00000000
        [ 452000 ns] Test is running, debug_wb_pc = 0x00000000
        [ 462000 ns] Test is running, debug_wb_pc = 0x00000000
        [ 472000 ns] Test is running, debug_wb_pc = 0x00000000
        [ 482000 ns] Test is running, debug_wb_pc = 0x00000000
        [ 492000 ns] Test is running, debug_wb_pc = 0x00000000
        [ 502000 ns] Test is running, debug_wb_pc = 0x00000000
        [ 512000 ns] Test is running, debug_wb_pc = 0x00000000
        [ 522000 ns] Test is running, debug_wb_pc = 0x00000000
        [ 532000 ns] Test is running, debug_wb_pc = 0x00000000
        [ 542000 ns] Test is running, debug_wb_pc = 0x00000000
        [ 552000 ns] Test is running, debug_wb_pc = 0x00000000
        [ 562000 ns] Test is running, debug_wb_pc = 0x00000000
        [ 572000 ns] Test is running, debug_wb_pc = 0x00000000
        [ 582000 ns] Test is running, debug_wb_pc = 0x00000000
        [ 592000 ns] Test is running, debug_wb_pc = 0x00000000
        [ 602000 ns] Test is running, debug_wb_pc = 0x00000000
        [ 612000 ns] Test is running, debug_wb_pc = 0x00000000
        [ 622000 ns] Test is running, debug_wb_pc = 0x00000000
        [ 632000 ns] Test is running, debug_wb_pc = 0x00000000
        [ 642000 ns] Test is running, debug_wb_pc = 0x00000000
        [ 652000 ns] Test is running, debug_wb_pc = 0x00000000
        [ 662000 ns] Test is running, debug_wb_pc = 0x00000000
        [ 672000 ns] Test is running, debug_wb_pc = 0x00000000
        [ 682000 ns] Test is running, debug_wb_pc = 0x00000000
        [ 692000 ns] Test is running, debug_wb_pc = 0x00000000
        [ 702000 ns] Test is running, debug_wb_pc = 0x00000000
        [ 712000 ns] Test is running, debug_wb_pc = 0x00000000
        [ 722000 ns] Test is running, debug_wb_pc = 0x00000000
        [ 732000 ns] Test is running, debug_wb_pc = 0x00000000
        [ 742000 ns] Test is running, debug_wb_pc = 0x00000000
        [ 752000 ns] Test is running, debug_wb_pc = 0x00000000
        [ 762000 ns] Test is running, debug_wb_pc = 0x00000000
        [ 772000 ns] Test is running, debug_wb_pc = 0x00000000
        [ 782000 ns] Test is running, debug_wb_pc = 0x00000000
        [ 792000 ns] Test is running, debug_wb_pc = 0x00000000
        [ 802000 ns] Test is running, debug_wb_pc = 0x00000000
        [ 812000 ns] Test is running, debug_wb_pc = 0x00000000
        [ 822000 ns] Test is running, debug_wb_pc = 0x00000000
        [ 832000 ns] Test is running, debug_wb_pc = 0x00000000
        [ 842000 ns] Test is running, debug_wb_pc = 0x00000000
        [ 852000 ns] Test is running, debug_wb_pc = 0x00000000
        [ 862000 ns] Test is running, debug_wb_pc = 0x00000000
        [ 872000 ns] Test is running, debug_wb_pc = 0x00000000
        [ 882000 ns] Test is running, debug_wb_pc = 0x00000000
        [ 892000 ns] Test is running, debug_wb_pc = 0x00000000
        [ 902000 ns] Test is running, debug_wb_pc = 0x00000000
        [ 912000 ns] Test is running, debug_wb_pc = 0x00000000
        [ 922000 ns] Test is running, debug_wb_pc = 0x00000000
        [ 932000 ns] Test is running, debug_wb_pc = 0x00000000
        [ 942000 ns] Test is running, debug_wb_pc = 0x00000000
        [ 952000 ns] Test is running, debug_wb_pc = 0x00000000
        [ 962000 ns] Test is running, debug_wb_pc = 0x00000000
        [ 972000 ns] Test is running, debug_wb_pc = 0x00000000
        [ 982000 ns] Test is running, debug_wb_pc = 0x00000000
        [ 992000 ns] Test is running, debug_wb_pc = 0x00000000
        [1002000 ns] Test is running, debug_wb_pc = 0x00000000
        [1012000 ns] Test is running, debug_wb_pc = 0x00000000
        [1022000 ns] Test is running, debug_wb_pc = 0x00000000
restart
INFO: [Simtcl 6-17] Simulation restarted
load_feature simulator
open_wave_database {F:/NSCSCC/PUA-MIPS/vivado/CPU_CDE_SRAM/mycpu_sram_verify/run_vivado/mycpu_prj1/mycpu.sim/sim_1/behav/xsim/tb_top_behav.wdb}
open_wave_config {F:/NSCSCC/func_test_v0.01/soc_sram_func/run_vivado/mycpu_prj1/tb_top.wcfg}
WARNING: Simulation object /tb_top/soc_lite/cpu/puamips/writeBackStage/pc was not found in the design.
WARNING: Simulation object /tb_top/soc_lite/cpu/puamips/dataMemory/io_memoryStage_mem_addr was not found in the design.
WARNING: Simulation object /tb_top/soc_lite/cpu/puamips/dataMemory/io_memory_mem_rdata was not found in the design.
WARNING: Simulation object /tb_top/soc_lite/cpu/puamips/dataMemory/io_dataSram_mem_addr was not found in the design.
WARNING: Simulation object /tb_top/soc_lite/cpu/puamips/dataMemory/io_dataSram_mem_wen was not found in the design.
WARNING: Simulation object /tb_top/soc_lite/cpu/puamips/dataMemory/io_dataSram_mem_wsel was not found in the design.
WARNING: Simulation object /tb_top/soc_lite/cpu/puamips/dataMemory/io_dataSram_mem_wdata was not found in the design.
WARNING: Simulation object /tb_top/soc_lite/cpu/puamips/dataMemory/io_dataSram_mem_ce was not found in the design.
WARNING: Simulation object /tb_top/soc_lite/cpu/puamips/dataMemory/read_mask was not found in the design.
close_sim
INFO: [Simtcl 6-16] Simulation closed
close_sim
INFO: [Simtcl 6-16] Simulation closed
exit
INFO: [Common 17-206] Exiting Vivado at Sat Apr 22 15:42:11 2023...
